      accrete_same_as_surface = .false.
      accrete_given_mass_fractions = .true.
      num_accretion_species = 286
      accretion_species_id(1) = 'h1'
      accretion_species_xa(1) = 0.5410894628E-15
      accretion_species_id(  2) = 'h   2'
      accretion_species_xa(  2) = 0.0000000000E+00
      accretion_species_id(  3) = 'he  3'
      accretion_species_xa(  3) = 0.5186549383E-19
      accretion_species_id(  4) = 'he  4'
      accretion_species_xa(  4) = 0.5984277018E-15
      accretion_species_id(  5) = 'li  6'
      accretion_species_xa(  5) = 0.0000000000E+00
      accretion_species_id(  6) = 'li  7'
      accretion_species_xa(  6) = 0.0000000000E+00
      accretion_species_id(  7) = 'be  9'
      accretion_species_xa(  7) = 0.0000000000E+00
      accretion_species_id(  8) = 'b  10'
      accretion_species_xa(  8) = 0.0000000000E+00
      accretion_species_id(  9) = 'b  11'
      accretion_species_xa(  9) = 0.0000000000E+00
      accretion_species_id( 10) = 'c  12'
      accretion_species_xa( 10) = 0.4384645412E+00
      accretion_species_id( 11) = 'c  13'
      accretion_species_xa( 11) = 0.6082917417E-04
      accretion_species_id( 12) = 'n  14'
      accretion_species_xa( 12) = 0.2202531050E-13
      accretion_species_id( 13) = 'n  15'
      accretion_species_xa( 13) = 0.1102769777E-17
      accretion_species_id( 14) = 'o  16'
      accretion_species_xa( 14) = 0.5328613830E+00
      accretion_species_id( 15) = 'o  17'
      accretion_species_xa( 15) = 0.1813447751E-09
      accretion_species_id( 16) = 'o  18'
      accretion_species_xa( 16) = 0.1767491658E-12
      accretion_species_id( 17) = 'f  19'
      accretion_species_xa( 17) = 0.4307295203E-06
      accretion_species_id( 18) = 'ne 20'
      accretion_species_xa( 18) = 0.3451161942E-02
      accretion_species_id( 19) = 'ne 21'
      accretion_species_xa( 19) = 0.2964820328E-04
      accretion_species_id( 20) = 'ne 22'
      accretion_species_xa( 20) = 0.1347422102E-01
      accretion_species_id( 21) = 'na 23'
      accretion_species_xa( 21) = 0.1699531021E-03
      accretion_species_id( 22) = 'mg 24'
      accretion_species_xa( 22) = 0.3966085544E-02
      accretion_species_id( 23) = 'mg 25'
      accretion_species_xa( 23) = 0.6806271911E-04
      accretion_species_id( 24) = 'mg 26'
      accretion_species_xa( 24) = 0.7453683168E-02
      accretion_species_id( 25) = 'al 27'
      accretion_species_xa( 25) = 0.0000000000E+00
      accretion_species_id( 26) = 'si 28'
      accretion_species_xa( 26) = 0.0000000000E+00
      accretion_species_id( 27) = 'si 29'
      accretion_species_xa( 27) = 0.0000000000E+00
      accretion_species_id( 28) = 'si 30'
      accretion_species_xa( 28) = 0.0000000000E+00
      accretion_species_id( 29) = 'p  31'
      accretion_species_xa( 29) = 0.0000000000E+00
      accretion_species_id( 30) = 's  32'
      accretion_species_xa( 30) = 0.0000000000E+00
      accretion_species_id( 31) = 's  33'
      accretion_species_xa( 31) = 0.0000000000E+00
      accretion_species_id( 32) = 's  34'
      accretion_species_xa( 32) = 0.0000000000E+00
      accretion_species_id( 33) = 's  36'
      accretion_species_xa( 33) = 0.0000000000E+00
      accretion_species_id( 34) = 'cl 35'
      accretion_species_xa( 34) = 0.0000000000E+00
      accretion_species_id( 35) = 'cl 37'
      accretion_species_xa( 35) = 0.0000000000E+00
      accretion_species_id( 36) = 'ar 36'
      accretion_species_xa( 36) = 0.0000000000E+00
      accretion_species_id( 37) = 'ar 38'
      accretion_species_xa( 37) = 0.0000000000E+00
      accretion_species_id( 38) = 'ar 40'
      accretion_species_xa( 38) = 0.0000000000E+00
      accretion_species_id( 39) = 'k  39'
      accretion_species_xa( 39) = 0.0000000000E+00
      accretion_species_id( 40) = 'k  40'
      accretion_species_xa( 40) = 0.0000000000E+00
      accretion_species_id( 41) = 'k  41'
      accretion_species_xa( 41) = 0.0000000000E+00
      accretion_species_id( 42) = 'ca 40'
      accretion_species_xa( 42) = 0.0000000000E+00
      accretion_species_id( 43) = 'ca 42'
      accretion_species_xa( 43) = 0.0000000000E+00
      accretion_species_id( 44) = 'ca 43'
      accretion_species_xa( 44) = 0.0000000000E+00
      accretion_species_id( 45) = 'ca 44'
      accretion_species_xa( 45) = 0.0000000000E+00
      accretion_species_id( 46) = 'ca 46'
      accretion_species_xa( 46) = 0.0000000000E+00
      accretion_species_id( 47) = 'ca 48'
      accretion_species_xa( 47) = 0.0000000000E+00
      accretion_species_id( 48) = 'sc 45'
      accretion_species_xa( 48) = 0.0000000000E+00
      accretion_species_id( 49) = 'ti 46'
      accretion_species_xa( 49) = 0.0000000000E+00
      accretion_species_id( 50) = 'ti 47'
      accretion_species_xa( 50) = 0.0000000000E+00
      accretion_species_id( 51) = 'ti 48'
      accretion_species_xa( 51) = 0.0000000000E+00
      accretion_species_id( 52) = 'ti 49'
      accretion_species_xa( 52) = 0.0000000000E+00
      accretion_species_id( 53) = 'ti 50'
      accretion_species_xa( 53) = 0.0000000000E+00
      accretion_species_id( 54) = 'v  50'
      accretion_species_xa( 54) = 0.0000000000E+00
      accretion_species_id( 55) = 'v  51'
      accretion_species_xa( 55) = 0.0000000000E+00
      accretion_species_id( 56) = 'cr 50'
      accretion_species_xa( 56) = 0.0000000000E+00
      accretion_species_id( 57) = 'cr 52'
      accretion_species_xa( 57) = 0.0000000000E+00
      accretion_species_id( 58) = 'cr 53'
      accretion_species_xa( 58) = 0.0000000000E+00
      accretion_species_id( 59) = 'cr 54'
      accretion_species_xa( 59) = 0.0000000000E+00
      accretion_species_id( 60) = 'mn 55'
      accretion_species_xa( 60) = 0.0000000000E+00
      accretion_species_id( 61) = 'fe 54'
      accretion_species_xa( 61) = 0.0000000000E+00
      accretion_species_id( 62) = 'fe 56'
      accretion_species_xa( 62) = 0.0000000000E+00
      accretion_species_id( 63) = 'fe 57'
      accretion_species_xa( 63) = 0.0000000000E+00
      accretion_species_id( 64) = 'fe 58'
      accretion_species_xa( 64) = 0.0000000000E+00
      accretion_species_id( 65) = 'co 59'
      accretion_species_xa( 65) = 0.0000000000E+00
      accretion_species_id( 66) = 'ni 58'
      accretion_species_xa( 66) = 0.0000000000E+00
      accretion_species_id( 67) = 'ni 60'
      accretion_species_xa( 67) = 0.0000000000E+00
      accretion_species_id( 68) = 'ni 61'
      accretion_species_xa( 68) = 0.0000000000E+00
      accretion_species_id( 69) = 'ni 62'
      accretion_species_xa( 69) = 0.0000000000E+00
      accretion_species_id( 70) = 'ni 64'
      accretion_species_xa( 70) = 0.0000000000E+00
      accretion_species_id( 71) = 'cu 63'
      accretion_species_xa( 71) = 0.0000000000E+00
      accretion_species_id( 72) = 'cu 65'
      accretion_species_xa( 72) = 0.0000000000E+00
      accretion_species_id( 73) = 'zn 64'
      accretion_species_xa( 73) = 0.0000000000E+00
      accretion_species_id( 74) = 'zn 66'
      accretion_species_xa( 74) = 0.0000000000E+00
      accretion_species_id( 75) = 'zn 67'
      accretion_species_xa( 75) = 0.0000000000E+00
      accretion_species_id( 76) = 'zn 68'
      accretion_species_xa( 76) = 0.0000000000E+00
      accretion_species_id( 77) = 'zn 70'
      accretion_species_xa( 77) = 0.0000000000E+00
      accretion_species_id( 78) = 'ga 69'
      accretion_species_xa( 78) = 0.0000000000E+00
      accretion_species_id( 79) = 'ga 71'
      accretion_species_xa( 79) = 0.0000000000E+00
      accretion_species_id( 80) = 'ge 70'
      accretion_species_xa( 80) = 0.0000000000E+00
      accretion_species_id( 81) = 'ge 72'
      accretion_species_xa( 81) = 0.0000000000E+00
      accretion_species_id( 82) = 'ge 73'
      accretion_species_xa( 82) = 0.0000000000E+00
      accretion_species_id( 83) = 'ge 74'
      accretion_species_xa( 83) = 0.0000000000E+00
      accretion_species_id( 84) = 'ge 76'
      accretion_species_xa( 84) = 0.0000000000E+00
      accretion_species_id( 85) = 'as 75'
      accretion_species_xa( 85) = 0.0000000000E+00
      accretion_species_id( 86) = 'se 74'
      accretion_species_xa( 86) = 0.0000000000E+00
      accretion_species_id( 87) = 'se 76'
      accretion_species_xa( 87) = 0.0000000000E+00
      accretion_species_id( 88) = 'se 77'
      accretion_species_xa( 88) = 0.0000000000E+00
      accretion_species_id( 89) = 'se 78'
      accretion_species_xa( 89) = 0.0000000000E+00
      accretion_species_id( 90) = 'se 80'
      accretion_species_xa( 90) = 0.0000000000E+00
      accretion_species_id( 91) = 'se 82'
      accretion_species_xa( 91) = 0.0000000000E+00
      accretion_species_id( 92) = 'br 79'
      accretion_species_xa( 92) = 0.0000000000E+00
      accretion_species_id( 93) = 'br 81'
      accretion_species_xa( 93) = 0.0000000000E+00
      accretion_species_id( 94) = 'kr 78'
      accretion_species_xa( 94) = 0.0000000000E+00
      accretion_species_id( 95) = 'kr 80'
      accretion_species_xa( 95) = 0.0000000000E+00
      accretion_species_id( 96) = 'kr 82'
      accretion_species_xa( 96) = 0.0000000000E+00
      accretion_species_id( 97) = 'kr 83'
      accretion_species_xa( 97) = 0.0000000000E+00
      accretion_species_id( 98) = 'kr 84'
      accretion_species_xa( 98) = 0.0000000000E+00
      accretion_species_id( 99) = 'kr 86'
      accretion_species_xa( 99) = 0.0000000000E+00
      accretion_species_id(100) = 'rb 85'
      accretion_species_xa(100) = 0.0000000000E+00
      accretion_species_id(101) = 'rb 87'
      accretion_species_xa(101) = 0.0000000000E+00
      accretion_species_id(102) = 'sr 84'
      accretion_species_xa(102) = 0.0000000000E+00
      accretion_species_id(103) = 'sr 86'
      accretion_species_xa(103) = 0.0000000000E+00
      accretion_species_id(104) = 'sr 87'
      accretion_species_xa(104) = 0.0000000000E+00
      accretion_species_id(105) = 'sr 88'
      accretion_species_xa(105) = 0.0000000000E+00
      accretion_species_id(106) = 'y  89'
      accretion_species_xa(106) = 0.0000000000E+00
      accretion_species_id(107) = 'zr 90'
      accretion_species_xa(107) = 0.0000000000E+00
      accretion_species_id(108) = 'zr 91'
      accretion_species_xa(108) = 0.0000000000E+00
      accretion_species_id(109) = 'zr 92'
      accretion_species_xa(109) = 0.0000000000E+00
      accretion_species_id(110) = 'zr 94'
      accretion_species_xa(110) = 0.0000000000E+00
      accretion_species_id(111) = 'zr 96'
      accretion_species_xa(111) = 0.0000000000E+00
      accretion_species_id(112) = 'nb 93'
      accretion_species_xa(112) = 0.0000000000E+00
      accretion_species_id(113) = 'mo 92'
      accretion_species_xa(113) = 0.0000000000E+00
      accretion_species_id(114) = 'mo 94'
      accretion_species_xa(114) = 0.0000000000E+00
      accretion_species_id(115) = 'mo 95'
      accretion_species_xa(115) = 0.0000000000E+00
      accretion_species_id(116) = 'mo 96'
      accretion_species_xa(116) = 0.0000000000E+00
      accretion_species_id(117) = 'mo 97'
      accretion_species_xa(117) = 0.0000000000E+00
      accretion_species_id(118) = 'mo 98'
      accretion_species_xa(118) = 0.0000000000E+00
      accretion_species_id(119) = 'mo100'
      accretion_species_xa(119) = 0.0000000000E+00
      accretion_species_id(120) = 'ru 96'
      accretion_species_xa(120) = 0.0000000000E+00
      accretion_species_id(121) = 'ru 98'
      accretion_species_xa(121) = 0.0000000000E+00
      accretion_species_id(122) = 'ru 99'
      accretion_species_xa(122) = 0.0000000000E+00
      accretion_species_id(123) = 'ru100'
      accretion_species_xa(123) = 0.0000000000E+00
      accretion_species_id(124) = 'ru101'
      accretion_species_xa(124) = 0.0000000000E+00
      accretion_species_id(125) = 'ru102'
      accretion_species_xa(125) = 0.0000000000E+00
      accretion_species_id(126) = 'ru104'
      accretion_species_xa(126) = 0.0000000000E+00
      accretion_species_id(127) = 'rh103'
      accretion_species_xa(127) = 0.0000000000E+00
      accretion_species_id(128) = 'pd102'
      accretion_species_xa(128) = 0.0000000000E+00
      accretion_species_id(129) = 'pd104'
      accretion_species_xa(129) = 0.0000000000E+00
      accretion_species_id(130) = 'pd105'
      accretion_species_xa(130) = 0.0000000000E+00
      accretion_species_id(131) = 'pd106'
      accretion_species_xa(131) = 0.0000000000E+00
      accretion_species_id(132) = 'pd108'
      accretion_species_xa(132) = 0.0000000000E+00
      accretion_species_id(133) = 'pd110'
      accretion_species_xa(133) = 0.0000000000E+00
      accretion_species_id(134) = 'ag107'
      accretion_species_xa(134) = 0.0000000000E+00
      accretion_species_id(135) = 'ag109'
      accretion_species_xa(135) = 0.0000000000E+00
      accretion_species_id(136) = 'cd106'
      accretion_species_xa(136) = 0.0000000000E+00
      accretion_species_id(137) = 'cd108'
      accretion_species_xa(137) = 0.0000000000E+00
      accretion_species_id(138) = 'cd110'
      accretion_species_xa(138) = 0.0000000000E+00
      accretion_species_id(139) = 'cd111'
      accretion_species_xa(139) = 0.0000000000E+00
      accretion_species_id(140) = 'cd112'
      accretion_species_xa(140) = 0.0000000000E+00
      accretion_species_id(141) = 'cd113'
      accretion_species_xa(141) = 0.0000000000E+00
      accretion_species_id(142) = 'cd114'
      accretion_species_xa(142) = 0.0000000000E+00
      accretion_species_id(143) = 'cd116'
      accretion_species_xa(143) = 0.0000000000E+00
      accretion_species_id(144) = 'in113'
      accretion_species_xa(144) = 0.0000000000E+00
      accretion_species_id(145) = 'in115'
      accretion_species_xa(145) = 0.0000000000E+00
      accretion_species_id(146) = 'sn112'
      accretion_species_xa(146) = 0.0000000000E+00
      accretion_species_id(147) = 'sn114'
      accretion_species_xa(147) = 0.0000000000E+00
      accretion_species_id(148) = 'sn115'
      accretion_species_xa(148) = 0.0000000000E+00
      accretion_species_id(149) = 'sn116'
      accretion_species_xa(149) = 0.0000000000E+00
      accretion_species_id(150) = 'sn117'
      accretion_species_xa(150) = 0.0000000000E+00
      accretion_species_id(151) = 'sn118'
      accretion_species_xa(151) = 0.0000000000E+00
      accretion_species_id(152) = 'sn119'
      accretion_species_xa(152) = 0.0000000000E+00
      accretion_species_id(153) = 'sn120'
      accretion_species_xa(153) = 0.0000000000E+00
      accretion_species_id(154) = 'sn122'
      accretion_species_xa(154) = 0.0000000000E+00
      accretion_species_id(155) = 'sn124'
      accretion_species_xa(155) = 0.0000000000E+00
      accretion_species_id(156) = 'sb121'
      accretion_species_xa(156) = 0.0000000000E+00
      accretion_species_id(157) = 'sb123'
      accretion_species_xa(157) = 0.0000000000E+00
      accretion_species_id(158) = 'te120'
      accretion_species_xa(158) = 0.0000000000E+00
      accretion_species_id(159) = 'te122'
      accretion_species_xa(159) = 0.0000000000E+00
      accretion_species_id(160) = 'te123'
      accretion_species_xa(160) = 0.0000000000E+00
      accretion_species_id(161) = 'te124'
      accretion_species_xa(161) = 0.0000000000E+00
      accretion_species_id(162) = 'te125'
      accretion_species_xa(162) = 0.0000000000E+00
      accretion_species_id(163) = 'te126'
      accretion_species_xa(163) = 0.0000000000E+00
      accretion_species_id(164) = 'te128'
      accretion_species_xa(164) = 0.0000000000E+00
      accretion_species_id(165) = 'te130'
      accretion_species_xa(165) = 0.0000000000E+00
      accretion_species_id(166) = 'i 127'
      accretion_species_xa(166) = 0.0000000000E+00
      accretion_species_id(167) = 'xe124'
      accretion_species_xa(167) = 0.0000000000E+00
      accretion_species_id(168) = 'xe126'
      accretion_species_xa(168) = 0.0000000000E+00
      accretion_species_id(169) = 'xe128'
      accretion_species_xa(169) = 0.0000000000E+00
      accretion_species_id(170) = 'xe129'
      accretion_species_xa(170) = 0.0000000000E+00
      accretion_species_id(171) = 'xe130'
      accretion_species_xa(171) = 0.0000000000E+00
      accretion_species_id(172) = 'xe131'
      accretion_species_xa(172) = 0.0000000000E+00
      accretion_species_id(173) = 'xe132'
      accretion_species_xa(173) = 0.0000000000E+00
      accretion_species_id(174) = 'xe134'
      accretion_species_xa(174) = 0.0000000000E+00
      accretion_species_id(175) = 'xe136'
      accretion_species_xa(175) = 0.0000000000E+00
      accretion_species_id(176) = 'cs133'
      accretion_species_xa(176) = 0.0000000000E+00
      accretion_species_id(177) = 'ba130'
      accretion_species_xa(177) = 0.0000000000E+00
      accretion_species_id(178) = 'ba132'
      accretion_species_xa(178) = 0.0000000000E+00
      accretion_species_id(179) = 'ba134'
      accretion_species_xa(179) = 0.0000000000E+00
      accretion_species_id(180) = 'ba135'
      accretion_species_xa(180) = 0.0000000000E+00
      accretion_species_id(181) = 'ba136'
      accretion_species_xa(181) = 0.0000000000E+00
      accretion_species_id(182) = 'ba137'
      accretion_species_xa(182) = 0.0000000000E+00
      accretion_species_id(183) = 'ba138'
      accretion_species_xa(183) = 0.0000000000E+00
      accretion_species_id(184) = 'la138'
      accretion_species_xa(184) = 0.0000000000E+00
      accretion_species_id(185) = 'la139'
      accretion_species_xa(185) = 0.0000000000E+00
      accretion_species_id(186) = 'ce136'
      accretion_species_xa(186) = 0.0000000000E+00
      accretion_species_id(187) = 'ce138'
      accretion_species_xa(187) = 0.0000000000E+00
      accretion_species_id(188) = 'ce140'
      accretion_species_xa(188) = 0.0000000000E+00
      accretion_species_id(189) = 'ce142'
      accretion_species_xa(189) = 0.0000000000E+00
      accretion_species_id(190) = 'pr141'
      accretion_species_xa(190) = 0.0000000000E+00
      accretion_species_id(191) = 'nd142'
      accretion_species_xa(191) = 0.0000000000E+00
      accretion_species_id(192) = 'nd143'
      accretion_species_xa(192) = 0.0000000000E+00
      accretion_species_id(193) = 'nd144'
      accretion_species_xa(193) = 0.0000000000E+00
      accretion_species_id(194) = 'nd145'
      accretion_species_xa(194) = 0.0000000000E+00
      accretion_species_id(195) = 'nd146'
      accretion_species_xa(195) = 0.0000000000E+00
      accretion_species_id(196) = 'nd148'
      accretion_species_xa(196) = 0.0000000000E+00
      accretion_species_id(197) = 'nd150'
      accretion_species_xa(197) = 0.0000000000E+00
      accretion_species_id(198) = 'sm144'
      accretion_species_xa(198) = 0.0000000000E+00
      accretion_species_id(199) = 'sm147'
      accretion_species_xa(199) = 0.0000000000E+00
      accretion_species_id(200) = 'sm148'
      accretion_species_xa(200) = 0.0000000000E+00
      accretion_species_id(201) = 'sm149'
      accretion_species_xa(201) = 0.0000000000E+00
      accretion_species_id(202) = 'sm150'
      accretion_species_xa(202) = 0.0000000000E+00
      accretion_species_id(203) = 'sm152'
      accretion_species_xa(203) = 0.0000000000E+00
      accretion_species_id(204) = 'sm154'
      accretion_species_xa(204) = 0.0000000000E+00
      accretion_species_id(205) = 'eu151'
      accretion_species_xa(205) = 0.0000000000E+00
      accretion_species_id(206) = 'eu153'
      accretion_species_xa(206) = 0.0000000000E+00
      accretion_species_id(207) = 'gd152'
      accretion_species_xa(207) = 0.0000000000E+00
      accretion_species_id(208) = 'gd154'
      accretion_species_xa(208) = 0.0000000000E+00
      accretion_species_id(209) = 'gd155'
      accretion_species_xa(209) = 0.0000000000E+00
      accretion_species_id(210) = 'gd156'
      accretion_species_xa(210) = 0.0000000000E+00
      accretion_species_id(211) = 'gd157'
      accretion_species_xa(211) = 0.0000000000E+00
      accretion_species_id(212) = 'gd158'
      accretion_species_xa(212) = 0.0000000000E+00
      accretion_species_id(213) = 'gd160'
      accretion_species_xa(213) = 0.0000000000E+00
      accretion_species_id(214) = 'tb159'
      accretion_species_xa(214) = 0.0000000000E+00
      accretion_species_id(215) = 'dy156'
      accretion_species_xa(215) = 0.0000000000E+00
      accretion_species_id(216) = 'dy158'
      accretion_species_xa(216) = 0.0000000000E+00
      accretion_species_id(217) = 'dy160'
      accretion_species_xa(217) = 0.0000000000E+00
      accretion_species_id(218) = 'dy161'
      accretion_species_xa(218) = 0.0000000000E+00
      accretion_species_id(219) = 'dy162'
      accretion_species_xa(219) = 0.0000000000E+00
      accretion_species_id(220) = 'dy163'
      accretion_species_xa(220) = 0.0000000000E+00
      accretion_species_id(221) = 'dy164'
      accretion_species_xa(221) = 0.0000000000E+00
      accretion_species_id(222) = 'ho165'
      accretion_species_xa(222) = 0.0000000000E+00
      accretion_species_id(223) = 'er162'
      accretion_species_xa(223) = 0.0000000000E+00
      accretion_species_id(224) = 'er164'
      accretion_species_xa(224) = 0.0000000000E+00
      accretion_species_id(225) = 'er166'
      accretion_species_xa(225) = 0.0000000000E+00
      accretion_species_id(226) = 'er167'
      accretion_species_xa(226) = 0.0000000000E+00
      accretion_species_id(227) = 'er168'
      accretion_species_xa(227) = 0.0000000000E+00
      accretion_species_id(228) = 'er170'
      accretion_species_xa(228) = 0.0000000000E+00
      accretion_species_id(229) = 'tm169'
      accretion_species_xa(229) = 0.0000000000E+00
      accretion_species_id(230) = 'yb168'
      accretion_species_xa(230) = 0.0000000000E+00
      accretion_species_id(231) = 'yb170'
      accretion_species_xa(231) = 0.0000000000E+00
      accretion_species_id(232) = 'yb171'
      accretion_species_xa(232) = 0.0000000000E+00
      accretion_species_id(233) = 'yb172'
      accretion_species_xa(233) = 0.0000000000E+00
      accretion_species_id(234) = 'yb173'
      accretion_species_xa(234) = 0.0000000000E+00
      accretion_species_id(235) = 'yb174'
      accretion_species_xa(235) = 0.0000000000E+00
      accretion_species_id(236) = 'yb176'
      accretion_species_xa(236) = 0.0000000000E+00
      accretion_species_id(237) = 'lu175'
      accretion_species_xa(237) = 0.0000000000E+00
      accretion_species_id(238) = 'lu176'
      accretion_species_xa(238) = 0.0000000000E+00
      accretion_species_id(239) = 'hf174'
      accretion_species_xa(239) = 0.0000000000E+00
      accretion_species_id(240) = 'hf176'
      accretion_species_xa(240) = 0.0000000000E+00
      accretion_species_id(241) = 'hf177'
      accretion_species_xa(241) = 0.0000000000E+00
      accretion_species_id(242) = 'hf178'
      accretion_species_xa(242) = 0.0000000000E+00
      accretion_species_id(243) = 'hf179'
      accretion_species_xa(243) = 0.0000000000E+00
      accretion_species_id(244) = 'hf180'
      accretion_species_xa(244) = 0.0000000000E+00
      accretion_species_id(245) = 'ta180'
      accretion_species_xa(245) = 0.0000000000E+00
      accretion_species_id(246) = 'ta181'
      accretion_species_xa(246) = 0.0000000000E+00
      accretion_species_id(247) = 'w 180'
      accretion_species_xa(247) = 0.0000000000E+00
      accretion_species_id(248) = 'w 182'
      accretion_species_xa(248) = 0.0000000000E+00
      accretion_species_id(249) = 'w 183'
      accretion_species_xa(249) = 0.0000000000E+00
      accretion_species_id(250) = 'w 184'
      accretion_species_xa(250) = 0.0000000000E+00
      accretion_species_id(251) = 'w 186'
      accretion_species_xa(251) = 0.0000000000E+00
      accretion_species_id(252) = 're185'
      accretion_species_xa(252) = 0.0000000000E+00
      accretion_species_id(253) = 're187'
      accretion_species_xa(253) = 0.0000000000E+00
      accretion_species_id(254) = 'os184'
      accretion_species_xa(254) = 0.0000000000E+00
      accretion_species_id(255) = 'os186'
      accretion_species_xa(255) = 0.0000000000E+00
      accretion_species_id(256) = 'os187'
      accretion_species_xa(256) = 0.0000000000E+00
      accretion_species_id(257) = 'os188'
      accretion_species_xa(257) = 0.0000000000E+00
      accretion_species_id(258) = 'os189'
      accretion_species_xa(258) = 0.0000000000E+00
      accretion_species_id(259) = 'os190'
      accretion_species_xa(259) = 0.0000000000E+00
      accretion_species_id(260) = 'os192'
      accretion_species_xa(260) = 0.0000000000E+00
      accretion_species_id(261) = 'ir191'
      accretion_species_xa(261) = 0.0000000000E+00
      accretion_species_id(262) = 'ir193'
      accretion_species_xa(262) = 0.0000000000E+00
      accretion_species_id(263) = 'pt190'
      accretion_species_xa(263) = 0.0000000000E+00
      accretion_species_id(264) = 'pt192'
      accretion_species_xa(264) = 0.0000000000E+00
      accretion_species_id(265) = 'pt194'
      accretion_species_xa(265) = 0.0000000000E+00
      accretion_species_id(266) = 'pt195'
      accretion_species_xa(266) = 0.0000000000E+00
      accretion_species_id(267) = 'pt196'
      accretion_species_xa(267) = 0.0000000000E+00
      accretion_species_id(268) = 'pt198'
      accretion_species_xa(268) = 0.0000000000E+00
      accretion_species_id(269) = 'au197'
      accretion_species_xa(269) = 0.0000000000E+00
      accretion_species_id(270) = 'hg196'
      accretion_species_xa(270) = 0.0000000000E+00
      accretion_species_id(271) = 'hg198'
      accretion_species_xa(271) = 0.0000000000E+00
      accretion_species_id(272) = 'hg199'
      accretion_species_xa(272) = 0.0000000000E+00
      accretion_species_id(273) = 'hg200'
      accretion_species_xa(273) = 0.0000000000E+00
      accretion_species_id(274) = 'hg201'
      accretion_species_xa(274) = 0.0000000000E+00
      accretion_species_id(275) = 'hg202'
      accretion_species_xa(275) = 0.0000000000E+00
      accretion_species_id(276) = 'hg204'
      accretion_species_xa(276) = 0.0000000000E+00
      accretion_species_id(277) = 'tl203'
      accretion_species_xa(277) = 0.0000000000E+00
      accretion_species_id(278) = 'tl205'
      accretion_species_xa(278) = 0.0000000000E+00
      accretion_species_id(279) = 'pb204'
      accretion_species_xa(279) = 0.0000000000E+00
      accretion_species_id(280) = 'pb206'
      accretion_species_xa(280) = 0.0000000000E+00
      accretion_species_id(281) = 'pb207'
      accretion_species_xa(281) = 0.0000000000E+00
      accretion_species_id(282) = 'pb208'
      accretion_species_xa(282) = 0.0000000000E+00
      accretion_species_id(283) = 'bi209'
      accretion_species_xa(283) = 0.0000000000E+00
      accretion_species_id(284) = 'th232'
      accretion_species_xa(284) = 0.0000000000E+00
      accretion_species_id(285) = 'u 235'
      accretion_species_xa(285) = 0.0000000000E+00
      accretion_species_id(286) = 'u 238'
      accretion_species_xa(286) = 0.0000000000E+00
